<?xml version="1.0" encoding="UTF-8" ?>
<testsuite errors="0" failures="0" hostname="LAPTOP-KQAUG17C" name="RationalTest" skipped="0" tests="7" time="0.043" timestamp="2023-09-18T12:08:12">
  <properties>
    <property name="ant.library.dir" value="C:\Program Files\JetBrains\IntelliJ IDEA 2021.1\lib\ant\lib" />
    <property name="ant.file.type" value="file" />
    <property name="java.specification.version" value="17" />
    <property name="sun.cpu.isalist" value="amd64" />
    <property name="sun.jnu.encoding" value="MS874" />
    <property name="java.class.path" value="C:\Users\User\.jdks\corretto-17.0.6!\java.base;C:\Users\User\.jdks\corretto-17.0.6!\java.compiler;C:\Users\User\.jdks\corretto-17.0.6!\java.datatransfer;C:\Users\User\.jdks\corretto-17.0.6!\java.desktop;C:\Users\User\.jdks\corretto-17.0.6!\java.instrument;C:\Users\User\.jdks\corretto-17.0.6!\java.logging;C:\Users\User\.jdks\corretto-17.0.6!\java.management;C:\Users\User\.jdks\corretto-17.0.6!\java.management.rmi;C:\Users\User\.jdks\corretto-17.0.6!\java.naming;C:\Users\User\.jdks\corretto-17.0.6!\java.net.http;C:\Users\User\.jdks\corretto-17.0.6!\java.prefs;C:\Users\User\.jdks\corretto-17.0.6!\java.rmi;C:\Users\User\.jdks\corretto-17.0.6!\java.scripting;C:\Users\User\.jdks\corretto-17.0.6!\java.se;C:\Users\User\.jdks\corretto-17.0.6!\java.security.jgss;C:\Users\User\.jdks\corretto-17.0.6!\java.security.sasl;C:\Users\User\.jdks\corretto-17.0.6!\java.smartcardio;C:\Users\User\.jdks\corretto-17.0.6!\java.sql;C:\Users\User\.jdks\corretto-17.0.6!\java.sql.rowset;C:\Users\User\.jdks\corretto-17.0.6!\java.transaction.xa;C:\Users\User\.jdks\corretto-17.0.6!\java.xml;C:\Users\User\.jdks\corretto-17.0.6!\java.xml.crypto;C:\Users\User\.jdks\corretto-17.0.6!\jdk.accessibility;C:\Users\User\.jdks\corretto-17.0.6!\jdk.attach;C:\Users\User\.jdks\corretto-17.0.6!\jdk.charsets;C:\Users\User\.jdks\corretto-17.0.6!\jdk.compiler;C:\Users\User\.jdks\corretto-17.0.6!\jdk.crypto.cryptoki;C:\Users\User\.jdks\corretto-17.0.6!\jdk.crypto.ec;C:\Users\User\.jdks\corretto-17.0.6!\jdk.crypto.mscapi;C:\Users\User\.jdks\corretto-17.0.6!\jdk.dynalink;C:\Users\User\.jdks\corretto-17.0.6!\jdk.editpad;C:\Users\User\.jdks\corretto-17.0.6!\jdk.hotspot.agent;C:\Users\User\.jdks\corretto-17.0.6!\jdk.httpserver;C:\Users\User\.jdks\corretto-17.0.6!\jdk.incubator.foreign;C:\Users\User\.jdks\corretto-17.0.6!\jdk.incubator.vector;C:\Users\User\.jdks\corretto-17.0.6!\jdk.internal.ed;C:\Users\User\.jdks\corretto-17.0.6!\jdk.internal.jvmstat;C:\Users\User\.jdks\corretto-17.0.6!\jdk.internal.le;C:\Users\User\.jdks\corretto-17.0.6!\jdk.internal.opt;C:\Users\User\.jdks\corretto-17.0.6!\jdk.internal.vm.ci;C:\Users\User\.jdks\corretto-17.0.6!\jdk.internal.vm.compiler;C:\Users\User\.jdks\corretto-17.0.6!\jdk.internal.vm.compiler.management;C:\Users\User\.jdks\corretto-17.0.6!\jdk.jartool;C:\Users\User\.jdks\corretto-17.0.6!\jdk.javadoc;C:\Users\User\.jdks\corretto-17.0.6!\jdk.jcmd;C:\Users\User\.jdks\corretto-17.0.6!\jdk.jconsole;C:\Users\User\.jdks\corretto-17.0.6!\jdk.jdeps;C:\Users\User\.jdks\corretto-17.0.6!\jdk.jdi;C:\Users\User\.jdks\corretto-17.0.6!\jdk.jdwp.agent;C:\Users\User\.jdks\corretto-17.0.6!\jdk.jfr;C:\Users\User\.jdks\corretto-17.0.6!\jdk.jlink;C:\Users\User\.jdks\corretto-17.0.6!\jdk.jpackage;C:\Users\User\.jdks\corretto-17.0.6!\jdk.jshell;C:\Users\User\.jdks\corretto-17.0.6!\jdk.jsobject;C:\Users\User\.jdks\corretto-17.0.6!\jdk.jstatd;C:\Users\User\.jdks\corretto-17.0.6!\jdk.localedata;C:\Users\User\.jdks\corretto-17.0.6!\jdk.management;C:\Users\User\.jdks\corretto-17.0.6!\jdk.management.agent;C:\Users\User\.jdks\corretto-17.0.6!\jdk.management.jfr;C:\Users\User\.jdks\corretto-17.0.6!\jdk.naming.dns;C:\Users\User\.jdks\corretto-17.0.6!\jdk.naming.rmi;C:\Users\User\.jdks\corretto-17.0.6!\jdk.net;C:\Users\User\.jdks\corretto-17.0.6!\jdk.nio.mapmode;C:\Users\User\.jdks\corretto-17.0.6!\jdk.random;C:\Users\User\.jdks\corretto-17.0.6!\jdk.sctp;C:\Users\User\.jdks\corretto-17.0.6!\jdk.security.auth;C:\Users\User\.jdks\corretto-17.0.6!\jdk.security.jgss;C:\Users\User\.jdks\corretto-17.0.6!\jdk.unsupported;C:\Users\User\.jdks\corretto-17.0.6!\jdk.unsupported.desktop;C:\Users\User\.jdks\corretto-17.0.6!\jdk.xml.dom;C:\Users\User\.jdks\corretto-17.0.6!\jdk.zipfs;C:\Program Files\JetBrains\IntelliJ IDEA 2021.1\lib\ant\lib\ant-antlr.jar;C:\Program Files\JetBrains\IntelliJ IDEA 2021.1\lib\ant\lib\ant-apache-bcel.jar;C:\Program Files\JetBrains\IntelliJ IDEA 2021.1\lib\ant\lib\ant-apache-bsf.jar;C:\Program Files\JetBrains\IntelliJ IDEA 2021.1\lib\ant\lib\ant-apache-log4j.jar;C:\Program Files\JetBrains\IntelliJ IDEA 2021.1\lib\ant\lib\ant-apache-oro.jar;C:\Program Files\JetBrains\IntelliJ IDEA 2021.1\lib\ant\lib\ant-apache-regexp.jar;C:\Program Files\JetBrains\IntelliJ IDEA 2021.1\lib\ant\lib\ant-apache-resolver.jar;C:\Program Files\JetBrains\IntelliJ IDEA 2021.1\lib\ant\lib\ant-apache-xalan2.jar;C:\Program Files\JetBrains\IntelliJ IDEA 2021.1\lib\ant\lib\ant-commons-logging.jar;C:\Program Files\JetBrains\IntelliJ IDEA 2021.1\lib\ant\lib\ant-commons-net.jar;C:\Program Files\JetBrains\IntelliJ IDEA 2021.1\lib\ant\lib\ant-jai.jar;C:\Program Files\JetBrains\IntelliJ IDEA 2021.1\lib\ant\lib\ant-javamail.jar;C:\Program Files\JetBrains\IntelliJ IDEA 2021.1\lib\ant\lib\ant-jdepend.jar;C:\Program Files\JetBrains\IntelliJ IDEA 2021.1\lib\ant\lib\ant-jmf.jar;C:\Program Files\JetBrains\IntelliJ IDEA 2021.1\lib\ant\lib\ant-jsch.jar;C:\Program Files\JetBrains\IntelliJ IDEA 2021.1\lib\ant\lib\ant-junit.jar;C:\Program Files\JetBrains\IntelliJ IDEA 2021.1\lib\ant\lib\ant-junit4.jar;C:\Program Files\JetBrains\IntelliJ IDEA 2021.1\lib\ant\lib\ant-junitlauncher.jar;C:\Program Files\JetBrains\IntelliJ IDEA 2021.1\lib\ant\lib\ant-launcher.jar;C:\Program Files\JetBrains\IntelliJ IDEA 2021.1\lib\ant\lib\ant-netrexx.jar;C:\Program Files\JetBrains\IntelliJ IDEA 2021.1\lib\ant\lib\ant-swing.jar;C:\Program Files\JetBrains\IntelliJ IDEA 2021.1\lib\ant\lib\ant-testutil.jar;C:\Program Files\JetBrains\IntelliJ IDEA 2021.1\lib\ant\lib\ant-xz.jar;C:\Program Files\JetBrains\IntelliJ IDEA 2021.1\lib\ant\lib\ant.jar;C:\Program Files\JetBrains\IntelliJ IDEA 2021.1\lib\idea_rt.jar" />
    <property name="java.vm.vendor" value="Amazon.com Inc." />
    <property name="sun.arch.data.model" value="64" />
    <property name="user.variant" value="" />
    <property name="java.vendor.url" value="https://aws.amazon.com/corretto/" />
    <property name="java.vm.specification.version" value="17" />
    <property name="os.name" value="Windows 11" />
    <property name="sun.java.launcher" value="SUN_STANDARD" />
    <property name="user.country" value="US" />
    <property name="sun.boot.library.path" value="C:\Users\User\.jdks\corretto-17.0.6\bin" />
    <property name="sun.java.command" value="com.intellij.rt.ant.execution.AntMain2 -logger com.intellij.rt.ant.execution.IdeaAntLogger2 -inputhandler com.intellij.rt.ant.execution.IdeaInputHandler -buildfile C:\Users\User\Documents\GitHub\Rational\build.xml test" />
    <property name="jdk.debug" value="release" />
    <property name="sun.cpu.endian" value="little" />
    <property name="user.home" value="C:\Users\User" />
    <property name="user.language" value="en" />
    <property name="java.specification.vendor" value="Oracle Corporation" />
    <property name="java.version.date" value="2023-01-17" />
    <property name="java.home" value="C:\Users\User\.jdks\corretto-17.0.6" />
    <property name="file.separator" value="\" />
    <property name="basedir" value="C:\Users\User\Documents\GitHub\Rational" />
    <property name="java.vm.compressedOopsMode" value="32-bit" />
    <property name="line.separator" value="&#xd;&#xa;" />
    <property name="ant.java.version" value="17" />
    <property name="java.specification.name" value="Java Platform API Specification" />
    <property name="java.vm.specification.vendor" value="Oracle Corporation" />
    <property name="user.script" value="" />
    <property name="sun.management.compiler" value="HotSpot 64-Bit Tiered Compilers" />
    <property name="java.runtime.version" value="17.0.6+10-LTS" />
    <property name="user.name" value="User" />
    <property name="ant.file" value="C:\Users\User\Documents\GitHub\Rational\build.xml" />
    <property name="path.separator" value=";" />
    <property name="os.version" value="10.0" />
    <property name="java.runtime.name" value="OpenJDK Runtime Environment" />
    <property name="ant.project.invoked-targets" value="test" />
    <property name="file.encoding" value="UTF-8" />
    <property name="java.vm.name" value="OpenJDK 64-Bit Server VM" />
    <property name="java.vendor.version" value="Corretto-17.0.6.10.1" />
    <property name="ant.core.lib" value="C:\Program Files\JetBrains\IntelliJ IDEA 2021.1\lib\ant\lib\ant.jar" />
    <property name="java.vendor.url.bug" value="https://github.com/corretto/corretto-17/issues/" />
    <property name="java.io.tmpdir" value="C:\Users\User\AppData\Local\Temp\" />
    <property name="java.version" value="17.0.6" />
    <property name="user.dir" value="C:\Users\User\Documents\GitHub\Rational" />
    <property name="os.arch" value="amd64" />
    <property name="java.vm.specification.name" value="Java Virtual Machine Specification" />
    <property name="ant.home" value="C:\Program Files\JetBrains\IntelliJ IDEA 2021.1\lib\ant" />
    <property name="sun.os.patch.level" value="" />
    <property name="native.encoding" value="MS874" />
    <property name="ant.version" value="Apache Ant(TM) version 1.10.5 compiled on July 10 2018" />
    <property name="java.library.path" value="C:\Users\User\.jdks\corretto-17.0.6\bin;C:\WINDOWS\Sun\Java\bin;C:\WINDOWS\system32;C:\WINDOWS;C:\Program Files (x86)\Common Files\Oracle\Java\javapath;C:\ProgramData\Oracle\Java\javapath;C:\windows\system32;C:\windows;C:\windows\System32\Wbem;C:\windows\System32\WindowsPowerShell\v1.0\;C:\windows\System32\OpenSSH\;C:\Program Files\NVIDIA Corporation\NVIDIA NvDLISR;C:\MinGW\bin;C:\Program Files\Java\jdk-10.0.2\bin;C:\Program Files\Git\cmd;C:\WINDOWS\system32;C:\WINDOWS;C:\WINDOWS\System32\Wbem;C:\WINDOWS\System32\WindowsPowerShell\v1.0\;C:\WINDOWS\System32\OpenSSH\;C:\Program Files (x86)\NVIDIA Corporation\PhysX\Common;C:\Program Files\MATLAB\R2021b\bin;C:\Program Files\nodejs\;C:\Program Files\PuTTY\;C:\Program Files (x86)\Pulse Secure\VC142.CRT\X64\;C:\Program Files (x86)\Pulse Secure\VC142.CRT\X86\;C:\Program Files\dotnet\;%SystemRoot%\system32;%SystemRoot%;%SystemRoot%\System32\Wbem;%SYSTEMROOT%\System32\WindowsPowerShell\v1.0\;%SYSTEMROOT%\System32\OpenSSH\;C:\Program Files\MySQL\MySQL Shell 8.0\bin\;C:\Users\User\AppData\Local\Programs\Python\Python39\Scripts\;C:\Users\User\AppData\Local\Programs\Python\Python39\;C:\Users\User\AppData\Local\Microsoft\WindowsApps;C:\Users\User\AppData\Local\Programs\Microsoft VS Code\bin;C:\Program Files\Java\jdk-10.0.2\bin;C:\Program Files\JetBrains\IntelliJ IDEA 2021.1\bin;;C:\Users\User\AppData\Roaming\npm;C:\Users\User\AppData\Local\GitHubDesktop\bin;C:\Users\User\Desktop\flutter_windows_3.7.1-stable\flutter\bin;C:\Users\User\AppData\Local\Programs\mongosh\;." />
    <property name="java.vendor" value="Amazon.com Inc." />
    <property name="java.vm.info" value="mixed mode, sharing" />
    <property name="java.vm.version" value="17.0.6+10-LTS" />
    <property name="sun.io.unicode.encoding" value="UnicodeLittle" />
    <property name="java.class.version" value="61.0" />
  </properties>
  <testcase classname="RationalTest" name="testAdd" time="0.005" />
  <testcase classname="RationalTest" name="testSubtract" time="0.0" />
  <testcase classname="RationalTest" name="testToString" time="0.002" />
  <testcase classname="RationalTest" name="testCompareTo" time="0.0" />
  <testcase classname="RationalTest" name="testDivide" time="0.0" />
  <testcase classname="RationalTest" name="testEquals" time="0.0" />
  <testcase classname="RationalTest" name="testMultiply" time="0.0" />
  <system-out><![CDATA[]]></system-out>
  <system-err><![CDATA[]]></system-err>
</testsuite>
