<?xml version="1.0" encoding="UTF-8"?>
<testsuite name="RationalTest" tests="7" skipped="0" failures="0" errors="0" timestamp="2023-09-18T12:23:21" hostname="LAPTOP-KQAUG17C" time="0.025">
  <properties/>
  <testcase name="testAdd" classname="RationalTest" time="0.002"/>
  <testcase name="testSubtract" classname="RationalTest" time="0.0"/>
  <testcase name="testToString" classname="RationalTest" time="0.012"/>
  <testcase name="testCompareTo" classname="RationalTest" time="0.0"/>
  <testcase name="testDivide" classname="RationalTest" time="0.0"/>
  <testcase name="testEquals" classname="RationalTest" time="0.0"/>
  <testcase name="testMultiply" classname="RationalTest" time="0.001"/>
  <system-out><![CDATA[]]></system-out>
  <system-err><![CDATA[]]></system-err>
</testsuite>
